<?xml version="1.0" encoding="utf-8"?><testsuites name="pytest tests"><testsuite name="pytest" errors="0" failures="0" skipped="0" tests="26" time="8.568" timestamp="2026-09-06T16:30:25.228374-06:00" hostname="pichkaCommander"><testcase classname="tests.test_compiler" name="test_generic_ecr_compilation_and_basic_candidate" time="1.034" /><testcase classname="tests.test_compiler" name="test_target_and_layout_diversity" time="0.005" /><testcase classname="tests.test_core" name="test_one_plaquette_matrix_and_spectrum" time="0.001" /><testcase classname="tests.test_core" name="test_one_plaquette_transition_probability" time="0.001" /><testcase classname="tests.test_core" name="test_two_plaquette_matrix_and_ground_energy" time="0.001" /><testcase classname="tests.test_core" name="test_hamiltonians_are_hermitian" time="0.002" /><testcase classname="tests.test_core" name="test_state_norms_and_qiskit_little_endian_order" time="0.022" /><testcase classname="tests.test_core" name="test_manual_pauli_rotation" time="0.001" /><testcase classname="tests.test_core" name="test_trotter_converges_and_preserves_mirror_symmetry" time="0.109" /><testcase classname="tests.test_core" name="test_six_basis_energy_reconstruction" time="0.093" /><testcase classname="tests.test_core" name="test_simplex_projection" time="0.001" /><testcase classname="tests.test_core" name="test_pyzx_candidates_are_exact" time="0.393" /><testcase classname="tests.test_core" name="test_structure_hash_normalizes_angles_but_not_gate_order" time="0.083" /><testcase classname="tests.test_core" name="test_additional_pyzx_strategies_are_exact" time="0.037" /><testcase classname="tests.test_qpu" name="test_qpu_dry_run_manifest_and_confirmation_guard" time="2.310" /><testcase classname="tests.test_study" name="test_small_data_generation" time="0.397" /><testcase classname="tests.test_tn" name="test_cpu_mps_matches_statevector_for_two_plaquettes" time="0.007" /><testcase classname="tests.test_v040" name="test_routed_equivalence_tracks_layout_and_rejects_corruption" time="0.028" /><testcase classname="tests.test_v040" name="test_pairwise_excludes_whole_pair_when_one_output_fails" time="0.011" /><testcase classname="tests.test_v040" name="test_direct_mps_observables_do_not_save_dense_state[5]" time="0.034" /><testcase classname="tests.test_v040" name="test_direct_mps_observables_do_not_save_dense_state[8]" time="0.062" /><testcase classname="tests.test_v040" name="test_frozen_rule_boundary_and_order" time="0.001" /><testcase classname="tests.test_v040" name="test_symmetry_initial_and_evolution_are_reflection_invariant[3]" time="0.008" /><testcase classname="tests.test_v040" name="test_symmetry_initial_and_evolution_are_reflection_invariant[4]" time="0.011" /><testcase classname="tests.test_v040" name="test_pyzx_import_precision_and_settings_are_preserved" time="0.706" /><testcase classname="tests.test_v040" name="test_qpu_fresh_approval_guards_never_submit" time="0.043" /></testsuite></testsuites>